<?xml version="1.0" encoding="UTF-8"?>
<!-- Generated by org.testng.reporters.JUnitReportReporter -->
<testsuite hostname="LAPTOP-8EKN6F31" failures="0" tests="1" name="Academy.validateNavigationBar" time="0.055" errors="0" timestamp="22 Feb 2018 16:42:56 GMT" skipped="0">
  <testcase classname="Academy.validateNavigationBar" name="validateAppNavBar" time="0.055"/>
</testsuite> <!-- Academy.validateNavigationBar -->
