<?xml version="1.0" encoding="UTF-8"?>
<!-- Generated by org.testng.reporters.JUnitReportReporter -->
<testsuite hostname="LAPTOP-8EKN6F31" failures="0" tests="2" name="Academy.HomePage" time="18.452" errors="0" timestamp="22 Feb 2018 17:33:48 GMT" skipped="0">
  <testcase classname="Academy.HomePage" name="basePageNavigation" time="14.098"/>
  <testcase classname="Academy.HomePage" name="basePageNavigation" time="4.354"/>
</testsuite> <!-- Academy.HomePage -->
